* 000000 [Engine] Log started at 2024/8/10 14:29:55
* 000000 [Engine] DragonRuby Game Toolkit
* 000000 [Engine]   Version: 5.27
* 000000 [Engine]   Tier: Standard
* 000000 [Engine]   GIT Hash: 4149dcb6cd9032cf5384e3801cbfa42ef3621abd
* 000000 [Engine]   Build Date: May 10 2024 23:51:12
* 000000 [Engine] Platform: Mac OS X
* 000000 [Engine] 
* 000000 [Engine] *******************************************************************************************
* 000000 [Engine] *** This is the Standard license build!                                                 ***
* 000000 [Engine] *** Get more with an Indie or Pro license such as C extensions, mobile dev, and VR dev! ***
* 000000 [Engine] *** Details at http://dragonruby.org/toolkit/game#purchase                              ***
* 000000 [Engine] *******************************************************************************************
* 000000 [Engine] 
! 000000 [Engine] Metadata file does not have all required fields!
- 000000 [Engine] Process Working Directory: /Users/alana/alana-fullstackdev/dragonruby-macos/mygame/app/
- 000000 [Engine] Game Dir: (null)
- 000000 [Engine] Game ID: hello-SDL
- 000000 [Engine] Game Title: Update metadata/game_metadata.txt in your mygame directory to change this title.
- 000000 [Engine] Game Version: 1.0
- 000000 [Engine] Game Package ID: org.dragonruby.hello-SDL
- 000000 [Engine] Game Developer ID: dragonruby
- 000000 [Engine] Game Developer Title: DragonRuby LLC
- 000000 [Engine] Production Build: no
- 000000 [Engine] Remote Hotload: no
? 000000 [Engine] Loading cvars from file 'metadata/cvars.txt' ...
? 000000 [Engine] File 'metadata/cvars.txt' line 1 setting cvar 'log.filter_subsystems' to 'HTTPServer'
? 000000 [Engine] File 'metadata/cvars.txt' complete
- 000000 [Render] SDL video backend: cocoa
- 000000 [Render] SDL renderer backend: metal
- 000000 [Render] Window size: 1280x720 (requested 1280x720)
- 000000 [Render] Fullscreen Desktop mode: no
- 000000 [Render] HD: no
- 000000 [Render] HighDPI: no
- 000000 [Render] Max texture size: 16384x16384 (system reported 16384x16384)
- 000000 [Render] Logical render size: 1280x720
- 000000 [Render] Native render size: 1280x720
? 000000 [Engine] RNG seed has been set to 1723318196.
- 000000 [Engine] Janitor is using 4 threads.
# 000000 [Engine] * WARNING: File path contains problematic characters.
  To ensure cross-platform support, it is STRONGLY recommended
  that file names be all lowercase with no spaces.

  Consider renaming:
    =sprites/char free/char_walk_right.gif=
  to
    =sprites/char-free/char_walk_right.gif=
# 000000 [Engine] * WARNING: File path contains problematic characters.
  To ensure cross-platform support, it is STRONGLY recommended
  that file names be all lowercase with no spaces.

  Consider renaming:
    =sprites/Ninja Adventure - Asset Pack/Actor/Boss/GiantFrog/ChargeAttackPreview copy.png=
  to
    =sprites/ninja-adventure---asset-pack/actor/boss/giantfrog/chargeattackpreview-copy.png=
# 000007 [Engine] * WARNING: File path contains problematic characters.
  To ensure cross-platform support, it is STRONGLY recommended
  that file names be all lowercase with no spaces.

  Consider renaming:
    =sprites/Ninja Adventure - Asset Pack/Items/Food/SeedBig2.png=
  to
    =sprites/ninja-adventure---asset-pack/items/food/seedbig2.png=
? 000031 [Engine] ~reset~ has been invoked (1812).
? 000031 [Engine] RNG seed has been set to 1723318196.
? 000125 [Engine] ~reset~ has been invoked (7468).
? 000125 [Engine] RNG seed has been set to 1723318196.
? 002835 [Engine] ~reset~ has been invoked (170090).
? 002835 [Engine] RNG seed has been set to 1723318196.
* 006386 [Engine] Logging shutting down
